Using pre-set license

 COMMAND LINE ARGUMENTS:
/Applications/Unity/Hub/Editor/2020.2.7f1/Unity.app/Contents/MacOS/Unity
-adb2
-batchMode
-noUpm
-name
AssetImportWorker0
-projectPath
/Users/nakamuramitsuki/Desktop/Unity/Interface
-logFile
Logs/AssetImportWorker0.log
-srvPort
56564
Successfully changed project path to: /Users/nakamuramitsuki/Desktop/Unity/Interface
/Users/nakamuramitsuki/Desktop/Unity/Interface
Using Asset Import Pipeline V2.
Refreshing native plugins compatible for Editor in 35.31 ms, found 1 plugins.
Preloading 0 native plugins for Editor in 0.00 ms.
Initialize engine version: 2020.2.7f1 (c53830e277f1)
[Subsystems] Discovering subsystems at path /Applications/Unity/Hub/Editor/2020.2.7f1/Unity.app/Contents/Resources/UnitySubsystems
[Subsystems] Discovering subsystems at path /Users/nakamuramitsuki/Desktop/Unity/Interface/Assets
GfxDevice: creating device client; threaded=0
2023-02-04 02:40:39.084 Unity[7830:478637] Color LCD preferred device: Intel(R) Iris(TM) Plus Graphics 655 (low power)
2023-02-04 02:40:39.084 Unity[7830:478637] Metal devices available: 1
2023-02-04 02:40:39.084 Unity[7830:478637] 0: Intel(R) Iris(TM) Plus Graphics 655 (low power)
2023-02-04 02:40:39.084 Unity[7830:478637] Using device Intel(R) Iris(TM) Plus Graphics 655 (low power)
Initializing Metal device caps: Intel(R) Iris(TM) Plus Graphics 655
Initialize mono
Mono path[0] = '/Applications/Unity/Hub/Editor/2020.2.7f1/Unity.app/Contents/Managed'
Mono path[1] = '/Applications/Unity/Hub/Editor/2020.2.7f1/Unity.app/Contents/MonoBleedingEdge/lib/mono/unityjit'
Mono config path = '/Applications/Unity/Hub/Editor/2020.2.7f1/Unity.app/Contents/MonoBleedingEdge/etc'
Using monoOptions --debugger-agent=transport=dt_socket,embedding=1,server=y,suspend=n,address=127.0.0.1:56830
Begin MonoManager ReloadAssembly
Registering precompiled unity dll's ...
Register platform support module: /Applications/Unity/Hub/Editor/2020.2.7f1/PlaybackEngines/WebGLSupport/UnityEditor.WebGL.Extensions.dll
Register platform support module: /Applications/Unity/Hub/Editor/2020.2.7f1/Unity.app/Contents/PlaybackEngines/MacStandaloneSupport/UnityEditor.OSXStandalone.Extensions.dll
Registered in 0.002542 seconds.
Native extension for OSXStandalone target not found
Native extension for WebGL target not found
Refreshing native plugins compatible for Editor in 23.78 ms, found 1 plugins.
Preloading 0 native plugins for Editor in 0.00 ms.
Invoked RoslynAnalysisRunner static constructor.
RoslynAnalysisRunner will not be running.
RoslynAnalysisRunner has terminated.
Mono: successfully reloaded assembly
- Completed reload, in  8.543 seconds
Platform modules already initialized, skipping
Registering precompiled user dll's ...
Registered in 0.001757 seconds.
Begin MonoManager ReloadAssembly
Native extension for OSXStandalone target not found
Native extension for WebGL target not found
Refreshing native plugins compatible for Editor in 0.34 ms, found 1 plugins.
Preloading 0 native plugins for Editor in 0.00 ms.
Invoked RoslynAnalysisRunner static constructor.
RoslynAnalysisRunner will not be running.
RoslynAnalysisRunner has terminated.
Mono: successfully reloaded assembly
- Completed reload, in  1.381 seconds
Platform modules already initialized, skipping
========================================================================
Worker process is ready to serve import requests
Launching external process: /Applications/Unity/Hub/Editor/2020.2.7f1/Unity.app/Contents/Tools/UnityShaderCompiler
Launched and connected shader compiler UnityShaderCompiler after 0.08 seconds
Refreshing native plugins compatible for Editor in 0.23 ms, found 1 plugins.
Preloading 0 native plugins for Editor in 0.00 ms.
Unloading 1120 Unused Serialized files (Serialized files now loaded: 0)
System memory in use before: 115.0 MB.
System memory in use after: 115.0 MB.

Unloading 10 unused Assets to reduce memory usage. Loaded Objects now: 1563.
Total: 2.045246 ms (FindLiveObjects: 0.247589 ms CreateObjectMapping: 0.117078 ms MarkObjects: 1.592813 ms  DeleteObjects: 0.086565 ms)

========================================================================
Received Import Request.
  path: Assets/Scripts/IDamagable.cs
  artifactKey: Guid(127fefe3a7bbf42d5b4d8ca78a338a35) Importer(815301076,1909f56bfc062723c751e8b465ee728b)
Start importing Assets/Scripts/IDamagable.cs using Guid(127fefe3a7bbf42d5b4d8ca78a338a35) Importer(815301076,1909f56bfc062723c751e8b465ee728b)  -> (artifact id: '53c22398224c62c8c3fdb3e340589ec2') in 0.128741 seconds
  Import took 0.132620 seconds .

========================================================================
Received Import Request.
  Time since last request: 0.000232 seconds.
  path: Assets/Scripts/Player.cs
  artifactKey: Guid(402960f6938774ee29f7c1015b7cfc25) Importer(815301076,1909f56bfc062723c751e8b465ee728b)
Start importing Assets/Scripts/Player.cs using Guid(402960f6938774ee29f7c1015b7cfc25) Importer(815301076,1909f56bfc062723c751e8b465ee728b)  -> (artifact id: '48104bd912f7b7ddec7a463b0d157389') in 0.003391 seconds
  Import took 0.006496 seconds .

